ApsimVersion = 7.9 r4044
Title = Maize
           Date  transpiration          drain             es            esw          sw(1)          sw(2)          sw(3)          sw(4)          sw(5)          sw(6)
   (dd/mm/yyyy)           (mm)           (mm)           (mm)           (mm)        (mm/mm)        (mm/mm)        (mm/mm)        (mm/mm)        (mm/mm)        (mm/mm)
     01/01/2011         -0.000          0.000          0.117        208.563          0.304          0.305          0.292          0.292          0.289          0.289
     02/01/2011         -0.000          0.000          0.046        208.517          0.304          0.305          0.292          0.292          0.289          0.289
     03/01/2011         -0.000          0.000          0.236        208.281          0.303          0.305          0.292          0.292          0.289          0.289
     04/01/2011         -0.000          0.000          0.217        208.063          0.302          0.305          0.292          0.292          0.289          0.289
     05/01/2011         -0.000          0.000          0.213        207.850          0.301          0.305          0.292          0.292          0.289          0.289
     06/01/2011         -0.000          0.000          0.292        207.558          0.300          0.305          0.292          0.292          0.289          0.289
     07/01/2011         -0.000          0.000          0.117        208.441          0.304          0.305          0.292          0.292          0.289          0.289
     08/01/2011         -0.000          0.000          0.077        208.364          0.304          0.305          0.292          0.292          0.289          0.289
     09/01/2011         -0.000          0.000          0.038        208.326          0.303          0.305          0.292          0.292          0.289          0.289
     10/01/2011         -0.000          0.012          0.052        211.261          0.311          0.308          0.293          0.293          0.289          0.289
     11/01/2011         -0.000          0.067          0.056        216.139          0.321          0.314          0.296          0.294          0.290          0.289
     12/01/2011         -0.000          0.172          0.050        215.916          0.314          0.314          0.298          0.296          0.291          0.290
     13/01/2011         -0.000          0.311          0.028        215.577          0.310          0.312          0.299          0.297          0.292          0.291
     14/01/2011         -0.000          0.453          0.057        215.067          0.307          0.310          0.298          0.297          0.293          0.292
     15/01/2011         -0.000          0.572          0.052        214.443          0.306          0.308          0.297          0.297          0.293          0.292
     16/01/2011         -0.000          0.651          0.036        213.756          0.305          0.307          0.296          0.297          0.293          0.293
     17/01/2011         -0.000          0.699          0.124        215.933          0.312          0.310          0.296          0.296          0.293          0.293
     18/01/2011         -0.000          0.731          0.237        215.965          0.311          0.311          0.297          0.296          0.293          0.293
     19/01/2011         -0.000          0.763          0.016        217.187          0.313          0.312          0.297          0.297          0.294          0.293
     20/01/2011         -0.000          0.796          0.020        216.371          0.309          0.311          0.298          0.297          0.294          0.294
     21/01/2011         -0.000          0.824          0.028        215.519          0.307          0.309          0.297          0.297          0.294          0.294
     22/01/2011         -0.000          0.836          0.030        214.653          0.306          0.308          0.296          0.297          0.294          0.294
     23/01/2011         -0.000          0.825          0.031        213.797          0.306          0.307          0.295          0.296          0.294          0.294
     24/01/2011         -0.000          0.789          0.084        212.925          0.305          0.306          0.294          0.295          0.293          0.293
     25/01/2011         -0.000          0.730          0.183        212.012          0.304          0.306          0.294          0.295          0.293          0.293
     26/01/2011         -0.000          0.656          0.075        211.281          0.304          0.305          0.293          0.294          0.292          0.293
     27/01/2011         -0.000          0.573          0.106        210.603          0.303          0.305          0.293          0.293          0.291          0.292
     28/01/2011         -0.000          0.487          0.463        209.653          0.301          0.305          0.292          0.293          0.291          0.292
     29/01/2011         -0.000          0.404          0.508        208.741          0.299          0.305          0.292          0.293          0.290          0.291
     30/01/2011         -0.000          0.329          0.222        208.190          0.298          0.305          0.292          0.292          0.290          0.291
     31/01/2011         -0.000          0.264          0.108        209.818          0.306          0.305          0.292          0.292          0.290          0.291
     01/02/2011         -0.000          0.226          0.035        212.557          0.313          0.309          0.294          0.293          0.290          0.290
     02/02/2011         -0.000          0.245          0.019        217.293          0.322          0.315          0.297          0.295          0.291          0.290
     03/02/2011         -0.000          0.325          0.030        216.938          0.314          0.315          0.299          0.296          0.292          0.291
     04/02/2011         -0.000          0.447          0.162        216.330          0.309          0.313          0.299          0.298          0.293          0.292
     05/02/2011         -0.000          0.576          0.343        215.410          0.306          0.310          0.298          0.298          0.294          0.292
     06/02/2011         -0.000          0.686          0.316        215.408          0.307          0.309          0.297          0.298          0.294          0.293
     07/02/2011         -0.000          0.761          0.262        214.385          0.305          0.308          0.296          0.297          0.294          0.293
     08/02/2011         -0.000          0.790          0.016        213.579          0.305          0.307          0.295          0.296          0.294          0.293
     09/02/2011         -0.000          0.777          0.012        212.790          0.305          0.306          0.294          0.295          0.293          0.293
     10/02/2011         -0.000          0.729          0.047        212.014          0.304          0.305          0.293          0.295          0.293          0.293
     11/02/2011         -0.000          0.657          0.248        211.109          0.303          0.305          0.293          0.294          0.292          0.293
     12/02/2011         -0.000          0.572          0.742        209.794          0.300          0.305          0.293          0.293          0.291          0.292
     13/02/2011         -0.000          0.484          1.297        208.014          0.294          0.305          0.292          0.293          0.291          0.292
     14/02/2011         -0.000          0.399          1.277        206.337          0.288          0.305          0.292          0.293          0.290          0.291
     15/02/2011         -0.000          0.322          1.163        204.852          0.283          0.305          0.292          0.292          0.290          0.291
     16/02/2011         -0.000          0.255          1.633        202.965          0.276          0.305          0.292          0.292          0.290          0.290
     17/02/2011         -0.000          0.198          1.885        200.882          0.268          0.304          0.292          0.292          0.290          0.290
     18/02/2011         -0.000          0.151          2.108        198.623          0.258          0.304          0.292          0.292          0.289          0.290
     19/02/2011         -0.000          0.114          1.655        196.854          0.251          0.304          0.292          0.292          0.289          0.290
     20/02/2011         -0.000          0.085          0.999        205.770          0.292          0.304          0.292          0.292          0.289          0.289
     21/02/2011         -0.000          0.063          0.555        205.153          0.289          0.304          0.292          0.292          0.289          0.289
     22/02/2011         -0.000          0.046          0.154        204.953          0.289          0.304          0.292          0.292          0.289          0.289
     23/02/2011         -0.000          0.033          0.480        204.440          0.287          0.304          0.292          0.292          0.289          0.289
     24/02/2011         -0.000          0.024          0.749        203.667          0.283          0.303          0.292          0.292          0.289          0.289
     25/02/2011         -0.000          0.017          0.179        203.471          0.283          0.303          0.292          0.292          0.289          0.289
     26/02/2011         -0.000          0.012          0.101        203.358          0.282          0.303          0.292          0.292          0.289          0.289
     27/02/2011         -0.000          0.008          0.162        203.188          0.282          0.303          0.292          0.292          0.289          0.289
     28/02/2011         -0.000          0.006          0.473        202.709          0.280          0.303          0.292          0.292          0.289          0.289
     01/03/2011         -0.000          0.004          1.903        200.803          0.271          0.303          0.292          0.292          0.289          0.289
     02/03/2011         -0.000          0.003          1.945        198.855          0.263          0.303          0.292          0.292          0.289          0.289
     03/03/2011         -0.000          0.002          1.339        197.514          0.257          0.302          0.292          0.292          0.289          0.289
     04/03/2011         -0.000          0.001          1.860        195.653          0.249          0.302          0.292          0.292          0.289          0.289
     05/03/2011         -0.000          0.001          0.763        194.889          0.245          0.302          0.292          0.292          0.289          0.289
     06/03/2011         -0.000          0.001          0.327        194.562          0.244          0.302          0.292          0.292          0.289          0.289
     07/03/2011         -0.000          0.000          0.435        195.126          0.247          0.301          0.292          0.292          0.289          0.289
     08/03/2011         -0.000          0.000          0.395        199.731          0.268          0.301          0.292          0.292          0.289          0.289
     09/03/2011         -0.000          0.000          0.414        209.317          0.308          0.305          0.292          0.292          0.289          0.289
     10/03/2011         -0.000          0.003          0.404        208.910          0.305          0.306          0.292          0.292          0.289          0.289
     11/03/2011         -0.000          0.009          1.822        207.078          0.297          0.305          0.292          0.292          0.289          0.289
     12/03/2011         -0.000          0.016          2.272        204.791          0.286          0.305          0.292          0.292          0.289          0.289
     13/03/2011         -0.000          0.022          0.790        203.979          0.283          0.305          0.292          0.292          0.289          0.289
     14/03/2011         -0.000          0.025          0.941        203.013          0.279          0.305          0.292          0.292          0.289          0.289
     15/03/2011         -0.000          0.026          2.290        200.697          0.269          0.305          0.292          0.292          0.289          0.289
     16/03/2011         -0.000          0.025          2.685        197.987          0.257          0.304          0.292          0.292          0.289          0.289
     17/03/2011         -0.000          0.023          2.699        195.265          0.245          0.304          0.292          0.292          0.289          0.289
     18/03/2011         -0.000          0.020          1.239        194.006          0.239          0.304          0.292          0.292          0.289          0.289
     19/03/2011         -0.000          0.016          1.045        192.945          0.235          0.303          0.292          0.292          0.289          0.289
     20/03/2011         -0.000          0.013          2.046        194.886          0.244          0.303          0.292          0.292          0.289          0.289
     21/03/2011         -0.000          0.010          2.688        192.188          0.232          0.303          0.292          0.292          0.289          0.289
     22/03/2011         -0.000          0.008          1.423        194.756          0.244          0.303          0.292          0.292          0.289          0.289
     23/03/2011         -0.000          0.006          1.309        199.441          0.266          0.302          0.292          0.292          0.289          0.289
     24/03/2011         -0.000          0.005          1.190        198.246          0.260          0.302          0.292          0.292          0.289          0.289
     25/03/2011         -0.000          0.003          0.595        198.648          0.262          0.302          0.292          0.292          0.289          0.289
     26/03/2011         -0.000          0.003          0.802        197.843          0.259          0.302          0.292          0.292          0.289          0.289
     27/03/2011         -0.000          0.002          1.081        196.760          0.254          0.301          0.292          0.292          0.289          0.289
     28/03/2011         -0.000          0.001          1.979        194.779          0.246          0.301          0.292          0.292          0.289          0.289
     29/03/2011         -0.000          0.001          1.951        193.827          0.242          0.301          0.292          0.292          0.289          0.289
     30/03/2011         -0.000          0.001          2.150        191.676          0.232          0.301          0.292          0.292          0.289          0.289
     31/03/2011         -0.000          0.000          0.807        190.869          0.229          0.300          0.292          0.292          0.289          0.289
     01/04/2011         -0.000          0.000          0.746        190.122          0.226          0.300          0.292          0.292          0.289          0.289
     02/04/2011         -0.000          0.000          0.697        189.426          0.223          0.300          0.292          0.292          0.289          0.289
     03/04/2011         -0.000          0.000          0.656        188.770          0.220          0.299          0.292          0.292          0.289          0.289
     04/04/2011         -0.000          0.000          0.622        188.148          0.218          0.299          0.292          0.292          0.289          0.289
     05/04/2011         -0.000          0.000          0.592        187.555          0.215          0.299          0.292          0.292          0.289          0.289
     06/04/2011         -0.000          0.000          0.567        186.989          0.213          0.298          0.292          0.292          0.289          0.289
     07/04/2011         -0.000          0.000          0.544        186.444          0.211          0.298          0.292          0.292          0.289          0.289
     08/04/2011         -0.000          0.000          1.697        194.747          0.249          0.298          0.292          0.292          0.289          0.289
     09/04/2011         -0.000          0.000          2.178        192.569          0.239          0.298          0.292          0.292          0.289          0.289
     10/04/2011         -0.000          0.000          4.735        187.835          0.218          0.297          0.292          0.292          0.289          0.289
     11/04/2011         -0.000          0.000          0.761        187.074          0.215          0.297          0.292          0.292          0.289          0.289
     12/04/2011         -0.000          0.000          0.547        186.526          0.213          0.297          0.292          0.292          0.289          0.289
     13/04/2011         -0.000          0.000          0.527        185.999          0.211          0.296          0.292          0.292          0.289          0.289
     14/04/2011         -0.000          0.000          0.509        185.491          0.209          0.296          0.292          0.292          0.289          0.289
     15/04/2011         -0.000          0.000          1.398        198.093          0.266          0.296          0.292          0.292          0.289          0.289
     16/04/2011         -0.000          0.014          1.437        212.642          0.317          0.308          0.293          0.293          0.289          0.289
     17/04/2011         -0.000          0.053          2.879        209.710          0.299          0.310          0.295          0.294          0.290          0.289
     18/04/2011         -0.000          0.118          1.598        210.994          0.302          0.309          0.295          0.294          0.290          0.290
     19/04/2011         -0.000          0.239          1.117        220.610          0.326          0.319          0.300          0.297          0.292          0.290
     20/04/2011         -0.000          0.490          0.669        234.645          0.352          0.335          0.309          0.302          0.294          0.292
     21/04/2011         -0.000          0.893          2.190        234.562          0.329          0.337          0.315          0.308          0.298          0.294
     22/04/2011         -0.000          1.398          1.693        235.471          0.321          0.333          0.317          0.312          0.302          0.297
     23/04/2011         -0.000          1.916          1.375        234.180          0.313          0.327          0.315          0.313          0.305          0.300
     24/04/2011         -0.000          2.353          3.084        228.743          0.295          0.319          0.311          0.312          0.307          0.302
     25/04/2011         -0.000          2.665          2.727        231.351          0.307          0.319          0.309          0.311          0.307          0.304
     26/04/2011         -0.000          2.936          2.141        248.946          0.354          0.339          0.316          0.313          0.308          0.306
     27/04/2011         -0.000          3.221          2.461        245.264          0.326          0.338          0.320          0.316          0.310          0.307
     28/04/2011         -0.000          3.493          3.603        238.168          0.301          0.329          0.318          0.317          0.312          0.309
     29/04/2011         -0.000          3.680          3.649        230.839          0.284          0.318          0.312          0.315          0.312          0.310
     30/04/2011         -0.000          3.726          3.987        224.127          0.271          0.312          0.307          0.311          0.311          0.310
     01/05/2011         -0.000          3.615          1.575        218.937          0.264          0.309          0.302          0.307          0.308          0.310
     02/05/2011         -0.000          3.367          1.222        214.348          0.259          0.307          0.299          0.304          0.306          0.308
     03/05/2011         -0.000          3.022          1.034        210.292          0.254          0.306          0.296          0.300          0.303          0.306
     04/05/2011         -0.000          2.624          0.913        206.755          0.251          0.305          0.295          0.298          0.300          0.304
     05/05/2011         -0.000          2.212          0.827        203.716          0.247          0.305          0.293          0.296          0.297          0.302
     06/05/2011         -0.000          1.817          0.761        201.138          0.244          0.304          0.293          0.295          0.295          0.299
     07/05/2011         -0.000          1.459          0.709        198.971          0.241          0.304          0.292          0.294          0.294          0.297
     08/05/2011         -0.000          1.148          0.666        197.157          0.238          0.304          0.292          0.293          0.292          0.296
     09/05/2011         -0.000          0.887          0.630        195.639          0.236          0.304          0.292          0.293          0.291          0.294
     10/05/2011          0.008          0.675          0.600        194.355          0.233          0.303          0.292          0.292          0.291          0.293
     11/05/2011          0.016          0.507          0.573        193.259          0.231          0.303          0.292          0.292          0.290          0.292
     12/05/2011          0.009          0.376          3.576        206.298          0.291          0.304          0.292          0.292          0.290          0.291
     13/05/2011          0.016          0.302          4.215        210.765          0.301          0.311          0.295          0.293          0.290          0.291
     14/05/2011          0.000          0.286          1.217        212.261          0.305          0.311          0.296          0.294          0.290          0.291
     15/05/2011          0.001          0.355          2.096        219.785          0.321          0.319          0.300          0.297          0.292          0.291
     16/05/2011          0.006          0.496          4.652        214.631          0.293          0.317          0.302          0.299          0.293          0.292
     17/05/2011          0.010          0.663          3.826        210.133          0.275          0.311          0.300          0.299          0.294          0.293
     18/05/2011          0.019          0.804          2.511        206.799          0.264          0.308          0.298          0.299          0.295          0.294
     19/05/2011          0.032          0.891          1.509        204.366          0.257          0.307          0.296          0.298          0.295          0.294
     20/05/2011          0.014          0.984          2.889        225.603          0.329          0.322          0.302          0.299          0.296          0.295
     21/05/2011          0.011          1.193          2.393        239.087          0.351          0.340          0.312          0.305          0.298          0.296
     22/05/2011          0.027          1.569          3.365        241.126          0.333          0.343          0.320          0.311          0.302          0.298
     23/05/2011          0.044          2.049          4.504        234.528          0.300          0.333          0.320          0.315          0.305          0.301
     24/05/2011          0.054          2.582          3.881        245.712          0.329          0.339          0.322          0.318          0.309          0.304
     25/05/2011          0.040          3.203          3.293        264.395          0.367          0.358          0.331          0.324          0.313          0.307
     26/05/2011          0.012          3.876          2.903        257.605          0.326          0.350          0.333          0.328          0.318          0.311
     27/05/2011          0.026          4.488          3.283        249.808          0.302          0.335          0.328          0.328          0.321          0.315
     28/05/2011          0.021          4.913          2.836        242.037          0.290          0.321          0.320          0.325          0.321          0.317
     29/05/2011          0.051          5.085          3.170        238.732          0.295          0.316          0.313          0.319          0.320          0.318
     30/05/2011          0.085          4.999          3.565        230.082          0.278          0.311          0.306          0.314          0.317          0.317
     31/05/2011          0.113          4.697          3.816        224.455          0.275          0.308          0.301          0.309          0.313          0.316
     01/06/2011          0.253          4.241          1.145        218.816          0.269          0.306          0.298          0.304          0.309          0.313
     02/06/2011          0.163          3.698          0.987        213.969          0.265          0.305          0.296          0.300          0.305          0.310
     03/06/2011          0.126          3.126          0.880        209.837          0.261          0.304          0.294          0.298          0.301          0.307
     04/06/2011          0.337          2.571          0.802        206.127          0.257          0.303          0.293          0.296          0.298          0.304
     05/06/2011          0.408          2.064          0.742        202.913          0.253          0.302          0.292          0.294          0.296          0.301
     06/06/2011          0.457          1.620          0.693        200.143          0.249          0.301          0.292          0.293          0.294          0.298
     07/06/2011          0.584          1.246          0.653        197.660          0.246          0.300          0.291          0.293          0.292          0.296
     08/06/2011          0.606          0.941          0.619        195.493          0.243          0.298          0.290          0.292          0.291          0.294
     09/06/2011          0.861          0.765          4.424        222.643          0.333          0.322          0.298          0.295          0.292          0.293
     10/06/2011          0.075          0.856          1.568        246.584          0.380          0.351          0.314          0.303          0.295          0.294
     11/06/2011          0.216          1.243          2.869        242.256          0.333          0.349          0.323          0.312          0.300          0.296
     12/06/2011          0.337          1.809          3.388        236.723          0.305          0.336          0.322          0.316          0.305          0.299
     13/06/2011          0.203          2.398          2.189        236.932          0.307          0.328          0.319          0.317          0.309          0.303
     14/06/2011          0.181          2.953          1.970        249.207          0.341          0.337          0.321          0.319          0.311          0.306
     15/06/2011          0.316          3.451          2.403        248.037          0.326          0.337          0.322          0.320          0.314          0.309
     16/06/2011          1.195          3.845          4.422        238.575          0.296          0.326          0.318          0.318          0.315          0.311
     17/06/2011          1.475          4.050          3.350        229.700          0.279          0.315          0.310          0.314          0.314          0.312
     18/06/2011          1.177          4.021          2.761        221.742          0.266          0.309          0.303          0.309          0.311          0.312
     19/06/2011          1.443          3.777          1.549        214.973          0.258          0.305          0.298          0.304          0.308          0.310
     20/06/2011          1.382          3.404          2.386        227.801          0.317          0.314          0.299          0.301          0.304          0.308
     21/06/2011          1.137          3.058          1.953        237.376          0.341          0.329          0.306          0.303          0.303          0.306
     22/06/2011          0.784          2.826          1.753        234.012          0.321          0.329          0.309          0.305          0.302          0.305
     23/06/2011          0.289          2.714          0.871        233.138          0.317          0.325          0.310          0.307          0.303          0.304
     24/06/2011          1.843          2.680          2.262        226.352          0.300          0.317          0.307          0.307          0.303          0.304
     25/06/2011          1.463          2.599          1.586        224.704          0.303          0.314          0.304          0.305          0.302          0.304
     26/06/2011          1.373          2.495          1.420        229.416          0.321          0.319          0.304          0.304          0.301          0.303
     27/06/2011          2.273          2.456          1.567        241.835          0.352          0.336          0.311          0.306          0.302          0.303
     28/06/2011          4.260          2.477          2.177        232.920          0.317          0.329          0.311          0.307          0.301          0.303
     29/06/2011          4.745          2.407          2.065        223.703          0.298          0.316          0.306          0.305          0.300          0.302
     30/06/2011          5.295          2.191          1.946        214.271          0.284          0.306          0.299          0.301          0.298          0.300
     01/07/2011          6.028          1.780          1.506        204.957          0.272          0.300          0.292          0.295          0.294          0.297
     02/07/2011          7.040          1.179          1.842        194.896          0.258          0.293          0.286          0.289          0.289          0.293
     03/07/2011          3.526          0.484          1.375        189.511          0.250          0.289          0.284          0.287          0.287          0.290
     04/07/2011          3.979          0.155          1.398        183.980          0.241          0.285          0.281          0.284          0.285          0.288
     05/07/2011          5.820          0.000          1.527        176.633          0.231          0.279          0.276          0.280          0.282          0.285
     06/07/2011          5.778          0.000          1.459        169.396          0.221          0.274          0.272          0.276          0.278          0.283
     07/07/2011          5.331          0.000          1.355        162.710          0.212          0.269          0.268          0.272          0.275          0.280
     08/07/2011          6.044          0.000          0.912        155.754          0.205          0.263          0.263          0.268          0.272          0.277
     09/07/2011          5.972          0.000          0.712        149.070          0.200          0.257          0.258          0.264          0.268          0.274
     10/07/2011          4.582          0.000          0.669        143.819          0.195          0.253          0.255          0.261          0.265          0.272
     11/07/2011          3.802          0.000          0.896        159.121          0.278          0.250          0.252          0.258          0.263          0.270
     12/07/2011          3.501          0.000          0.870        157.750          0.283          0.248          0.250          0.256          0.262          0.268
     13/07/2011          2.219          0.000          0.727        160.805          0.301          0.249          0.249          0.255          0.261          0.267
     14/07/2011          3.369          0.000          1.018        156.418          0.292          0.247          0.247          0.253          0.259          0.266
     15/07/2011          4.269          0.000          1.105        151.044          0.282          0.244          0.244          0.251          0.257          0.264
     16/07/2011          4.809          0.000          1.127        146.108          0.276          0.240          0.241          0.248          0.254          0.262
     17/07/2011          5.013          0.000          1.120        139.975          0.265          0.237          0.238          0.245          0.252          0.260
     18/07/2011          5.608          0.000          1.167        133.201          0.253          0.233          0.234          0.242          0.249          0.257
     19/07/2011          6.888          0.000          1.296        125.016          0.241          0.228          0.230          0.238          0.245          0.254
     20/07/2011          6.613          0.000          1.318        117.085          0.229          0.223          0.226          0.234          0.241          0.251
     21/07/2011          4.562          0.000          0.918        118.605          0.251          0.220          0.223          0.231          0.239          0.248
     22/07/2011          2.981          0.000          0.792        131.833          0.309          0.228          0.221          0.230          0.238          0.247
     23/07/2011          2.925          0.000          0.811        133.097          0.311          0.238          0.220          0.228          0.236          0.246
     24/07/2011          2.329          0.000          0.744        136.024          0.316          0.252          0.219          0.227          0.235          0.245
     25/07/2011          5.001          0.000          1.221        129.802          0.298          0.252          0.217          0.225          0.233          0.243
     26/07/2011          4.735          0.000          1.180        123.887          0.285          0.248          0.215          0.223          0.231          0.241
     27/07/2011          4.244          0.000          1.106        118.537          0.274          0.244          0.213          0.221          0.229          0.239
     28/07/2011          2.891          0.000          0.950        114.695          0.266          0.241          0.211          0.219          0.228          0.238
     29/07/2011          2.392          0.000          0.904        111.399          0.259          0.239          0.210          0.218          0.227          0.237
     30/07/2011          4.180          0.000          1.153        106.067          0.248          0.235          0.208          0.216          0.225          0.235
     31/07/2011          4.992          0.000          1.224         99.850          0.237          0.231          0.206          0.213          0.223          0.233
     01/08/2011          5.449          0.000          0.896         93.505          0.227          0.225          0.203          0.211          0.220          0.230
     02/08/2011          5.027          0.000          1.189         87.289          0.217          0.221          0.200          0.208          0.217          0.228
     03/08/2011          4.622          0.000          1.322         81.345          0.206          0.216          0.198          0.205          0.215          0.226
     04/08/2011          2.599          0.000          0.816        107.900          0.317          0.231          0.197          0.204          0.214          0.225
     05/08/2011          0.786          0.000          0.479        120.462          0.342          0.264          0.197          0.204          0.214          0.224
     06/08/2011          1.359          0.000          0.607        124.495          0.335          0.291          0.197          0.204          0.213          0.224
     07/08/2011          3.959          0.000          1.151        119.386          0.310          0.299          0.196          0.203          0.212          0.223
     08/08/2011          2.649          0.000          0.832        123.903          0.320          0.307          0.200          0.202          0.211          0.222
     09/08/2011          2.985          0.000          1.049        119.869          0.304          0.305          0.203          0.201          0.210          0.221
     10/08/2011          4.050          0.000          1.195        114.624          0.292          0.299          0.202          0.200          0.209          0.220
     11/08/2011          4.061          0.000          1.188        109.376          0.281          0.293          0.201          0.199          0.208          0.219
     12/08/2011          4.217          0.000          1.192        103.967          0.269          0.286          0.200          0.197          0.206          0.217
     13/08/2011          2.632          0.000          0.982        100.353          0.262          0.282          0.199          0.196          0.206          0.216
     14/08/2011          3.471          0.000          1.113         95.769          0.252          0.276          0.197          0.195          0.204          0.215
     15/08/2011          4.655          0.000          1.220         89.894          0.241          0.269          0.196          0.194          0.203          0.214
     16/08/2011          3.408          0.000          1.087         87.400          0.241          0.264          0.195          0.193          0.202          0.212
     17/08/2011          2.976          0.000          0.994         83.430          0.233          0.259          0.193          0.192          0.201          0.211
     18/08/2011          4.379          0.000          1.183         77.867          0.222          0.252          0.192          0.190          0.199          0.210
     19/08/2011          4.604          0.000          1.222         74.040          0.221          0.245          0.190          0.188          0.197          0.208
     20/08/2011          4.045          0.000          1.141         68.855          0.211          0.239          0.188          0.187          0.196          0.206
     21/08/2011          2.360          0.000          0.926         65.568          0.205          0.236          0.187          0.186          0.195          0.205
     22/08/2011          3.468          0.000          1.075         61.025          0.197          0.230          0.186          0.185          0.193          0.204
     23/08/2011          3.359          0.000          1.083         56.583          0.189          0.225          0.184          0.183          0.192          0.202
     24/08/2011          3.056          0.000          1.226         52.301          0.182          0.220          0.182          0.182          0.190          0.201
     25/08/2011          2.772          0.000          1.259         48.270          0.175          0.216          0.181          0.181          0.189          0.199
     26/08/2011          2.515          0.000          1.165         44.589          0.169          0.211          0.180          0.180          0.188          0.198
     27/08/2011          2.286          0.000          1.046         41.258          0.164          0.208          0.179          0.179          0.186          0.196
     28/08/2011          2.074          0.000          1.110         38.165          0.159          0.204          0.177          0.178          0.185          0.195
     29/08/2011          1.958          0.000          1.024         36.195          0.154          0.201          0.176          0.177          0.184          0.194
     30/08/2011          1.591          0.000          0.670         51.831          0.234          0.199          0.176          0.176          0.184          0.193
     31/08/2011          0.735          0.000          0.476         70.620          0.312          0.208          0.176          0.176          0.183          0.193
     01/09/2011          3.960          0.000          1.093         65.567          0.293          0.208          0.175          0.175          0.183          0.192
     02/09/2011          3.997          0.000          1.064         60.506          0.278          0.205          0.174          0.175          0.182          0.191
     03/09/2011          2.074          0.000          0.718         76.335          0.328          0.229          0.174          0.174          0.181          0.190
     04/09/2011          1.562          0.000          0.672         89.273          0.348          0.268          0.174          0.174          0.181          0.190
     05/09/2011          2.060          0.000          0.949         86.264          0.320          0.284          0.174          0.174          0.181          0.190
     06/09/2011         -0.000          0.000          0.957         85.307          0.309          0.291          0.174          0.174          0.181          0.190
     07/09/2011         -0.000          0.000          1.207         84.100          0.302          0.292          0.174          0.174          0.181          0.190
     08/09/2011         -0.000          0.000          1.265         82.835          0.296          0.292          0.174          0.174          0.181          0.190
     09/09/2011         -0.000          0.000          1.283         81.553          0.290          0.292          0.175          0.174          0.181          0.190
     10/09/2011         -0.000          0.000          1.327         80.226          0.284          0.291          0.175          0.174          0.181          0.190
     11/09/2011         -0.000          0.000          1.262         78.964          0.278          0.291          0.175          0.174          0.181          0.190
     12/09/2011         -0.000          0.000          1.410         77.554          0.272          0.290          0.176          0.174          0.181          0.190
     13/09/2011         -0.000          0.000          1.403         76.151          0.266          0.290          0.176          0.174          0.181          0.190
     14/09/2011         -0.000          0.000          1.088         75.063          0.261          0.290          0.176          0.174          0.181          0.190
     15/09/2011         -0.000          0.000          1.075         73.989          0.256          0.289          0.176          0.174          0.181          0.190
     16/09/2011         -0.000          0.000          0.797         74.191          0.257          0.289          0.177          0.174          0.181          0.190
     17/09/2011         -0.000          0.000          0.403         73.788          0.255          0.288          0.177          0.174          0.181          0.190
     18/09/2011         -0.000          0.000          0.352         79.437          0.281          0.288          0.177          0.174          0.181          0.190
     19/09/2011         -0.000          0.000          0.574         84.863          0.304          0.289          0.178          0.174          0.181          0.190
     20/09/2011         -0.000          0.000          1.263         84.599          0.301          0.291          0.178          0.174          0.181          0.190
     21/09/2011         -0.000          0.000          1.126         83.473          0.296          0.290          0.178          0.174          0.181          0.190
     22/09/2011         -0.000          0.000          1.041         82.432          0.291          0.290          0.178          0.174          0.181          0.190
     23/09/2011         -0.000          0.000          1.137         81.295          0.286          0.290          0.179          0.174          0.181          0.190
     24/09/2011         -0.000          0.000          1.170         80.125          0.281          0.290          0.179          0.174          0.181          0.190
     25/09/2011         -0.000          0.000          1.155         78.970          0.276          0.289          0.179          0.174          0.181          0.190
     26/09/2011         -0.000          0.000          1.038         78.932          0.275          0.289          0.179          0.174          0.181          0.190
     27/09/2011         -0.000          0.000          0.862         80.070          0.281          0.289          0.180          0.174          0.181          0.190
     28/09/2011         -0.000          0.000          1.024         79.046          0.276          0.288          0.180          0.174          0.181          0.190
     29/09/2011         -0.000          0.000          1.225         77.821          0.271          0.288          0.180          0.174          0.181          0.190
     30/09/2011         -0.000          0.000          1.171         76.650          0.265          0.287          0.180          0.174          0.181          0.190
     01/10/2011         -0.000          0.000          1.190         75.460          0.260          0.287          0.181          0.174          0.181          0.190
     02/10/2011         -0.000          0.000          1.216         74.244          0.255          0.287          0.181          0.174          0.181          0.190
     03/10/2011         -0.000          0.000          1.338         72.905          0.249          0.286          0.181          0.174          0.181          0.190
     04/10/2011         -0.000          0.000          1.369         71.536          0.243          0.286          0.181          0.174          0.181          0.190
     05/10/2011         -0.000          0.000          1.361         70.175          0.237          0.285          0.182          0.174          0.181          0.190
     06/10/2011         -0.000          0.000          0.948         69.227          0.233          0.285          0.182          0.174          0.181          0.190
     07/10/2011         -0.000          0.000          0.743         68.483          0.229          0.284          0.182          0.174          0.181          0.190
     08/10/2011         -0.000          0.000          0.695         67.789          0.226          0.284          0.182          0.174          0.181          0.190
     09/10/2011         -0.000          0.000          0.654         67.134          0.224          0.283          0.183          0.174          0.181          0.190
     10/10/2011         -0.000          0.000          1.085         68.049          0.228          0.283          0.183          0.174          0.181          0.190
     11/10/2011         -0.000          0.000          1.065         66.984          0.223          0.282          0.183          0.174          0.181          0.190
     12/10/2011         -0.000          0.000          0.667         81.316          0.288          0.282          0.183          0.174          0.181          0.190
     13/10/2011         -0.000          0.000          0.622         97.694          0.336          0.307          0.185          0.174          0.181          0.190
     14/10/2011         -0.000          0.000          0.863         96.831          0.318          0.313          0.192          0.174          0.181          0.190
     15/10/2011         -0.000          0.000          0.884         95.947          0.308          0.312          0.198          0.174          0.181          0.190
     16/10/2011         -0.000          0.000          0.959         94.988          0.303          0.310          0.202          0.174          0.181          0.190
     17/10/2011         -0.000          0.000          0.897         94.091          0.299          0.307          0.204          0.174          0.181          0.190
     18/10/2011         -0.000          0.000          0.624         93.466          0.296          0.306          0.206          0.174          0.181          0.190
     19/10/2011         -0.000          0.000          0.405         93.061          0.294          0.305          0.206          0.174          0.181          0.190
     20/10/2011         -0.000          0.000          0.646         92.415          0.291          0.305          0.206          0.174          0.181          0.190
     21/10/2011         -0.000          0.000          0.884         91.531          0.287          0.304          0.207          0.175          0.181          0.190
     22/10/2011         -0.000          0.000          0.960         90.571          0.283          0.304          0.207          0.175          0.181          0.190
     23/10/2011         -0.000          0.000          0.934         89.637          0.279          0.303          0.207          0.175          0.181          0.190
     24/10/2011         -0.000          0.000          0.681         88.956          0.276          0.303          0.208          0.175          0.181          0.190
     25/10/2011         -0.000          0.000          1.030         87.926          0.271          0.302          0.208          0.175          0.181          0.190
     26/10/2011         -0.000          0.000          0.923         87.003          0.267          0.301          0.208          0.175          0.181          0.190
     27/10/2011         -0.000          0.000          0.613         86.390          0.265          0.301          0.208          0.175          0.181          0.190
     28/10/2011         -0.000          0.000          0.763         85.627          0.262          0.300          0.209          0.175          0.181          0.190
     29/10/2011         -0.000          0.000          0.778         84.849          0.258          0.300          0.209          0.175          0.181          0.190
     30/10/2011         -0.000          0.000          0.708         84.141          0.255          0.299          0.209          0.175          0.181          0.190
     31/10/2011         -0.000          0.000          0.717         83.424          0.252          0.299          0.210          0.175          0.181          0.190
     01/11/2011         -0.000          0.000          0.781         82.643          0.249          0.298          0.210          0.175          0.181          0.190
     02/11/2011         -0.000          0.000          0.658         98.985          0.314          0.306          0.211          0.175          0.181          0.190
     03/11/2011         -0.000          0.000          0.340        115.645          0.351          0.326          0.227          0.175          0.181          0.190
     04/11/2011         -0.000          0.000          0.642        115.002          0.328          0.328          0.245          0.175          0.181          0.190
     05/11/2011         -0.000          0.000          0.619        114.383          0.315          0.323          0.258          0.175          0.181          0.190
     06/11/2011         -0.000          0.000          0.514        113.869          0.308          0.317          0.268          0.176          0.181          0.190
     07/11/2011         -0.000          0.000          0.714        113.155          0.304          0.312          0.273          0.176          0.181          0.190
     08/11/2011         -0.000          0.000          0.447        130.709          0.348          0.328          0.291          0.176          0.181          0.190
     09/11/2011         -0.000          0.000          0.287        156.642          0.394          0.358          0.313          0.192          0.181          0.190
     10/11/2011         -0.000          0.000          0.465        156.177          0.352          0.356          0.325          0.218          0.181          0.190
     11/11/2011         -0.000          0.000          0.473        155.704          0.329          0.345          0.327          0.245          0.181          0.190
     12/11/2011         -0.000          0.000          0.592        155.112          0.316          0.333          0.324          0.269          0.181          0.190
     13/11/2011         -0.000          0.000          0.537        154.575          0.309          0.324          0.318          0.288          0.181          0.190
     14/11/2011         -0.000          0.000          0.531        154.044          0.305          0.316          0.311          0.298          0.185          0.190
     15/11/2011         -0.000          0.000          0.641        153.404          0.302          0.311          0.306          0.301          0.190          0.190
     16/11/2011         -0.000          0.000          0.582        152.822          0.299          0.308          0.301          0.301          0.196          0.190
     17/11/2011         -0.000          0.000          0.498        152.324          0.297          0.307          0.298          0.299          0.200          0.190
     18/11/2011         -0.000          0.000          0.525        151.799          0.295          0.306          0.296          0.298          0.204          0.190
     19/11/2011         -0.000          0.000          0.547        151.252          0.292          0.305          0.294          0.296          0.207          0.190
     20/11/2011         -0.000          0.000          0.479        150.774          0.290          0.305          0.294          0.295          0.209          0.190
     21/11/2011         -0.000          0.000          0.196        150.578          0.289          0.305          0.293          0.294          0.210          0.190
     22/11/2011         -0.000          0.000          0.354        150.225          0.288          0.305          0.293          0.293          0.211          0.190
     23/11/2011         -0.000          0.000          0.319        149.906          0.286          0.305          0.292          0.292          0.211          0.190
     24/11/2011         -0.000          0.000          0.511        149.395          0.284          0.305          0.292          0.292          0.212          0.190
     25/11/2011         -0.000          0.000          0.544        148.851          0.282          0.305          0.292          0.292          0.212          0.190
     26/11/2011         -0.000          0.000          0.276        151.576          0.294          0.305          0.292          0.292          0.212          0.190
     27/11/2011         -0.000          0.000          0.146        151.429          0.294          0.304          0.292          0.292          0.212          0.190
     28/11/2011         -0.000          0.000          0.115        151.314          0.293          0.304          0.292          0.291          0.212          0.190
     29/11/2011         -0.000          0.000          0.278        151.036          0.292          0.304          0.292          0.291          0.212          0.190
     30/11/2011         -0.000          0.000          0.491        150.545          0.290          0.304          0.292          0.291          0.213          0.190
     01/12/2011         -0.000          0.000          0.473        150.073          0.288          0.304          0.292          0.291          0.213          0.190
     02/12/2011         -0.000          0.000          0.208        149.865          0.287          0.304          0.292          0.291          0.213          0.190
     03/12/2011         -0.000          0.000          0.227        168.638          0.342          0.321          0.299          0.294          0.214          0.190
     04/12/2011         -0.000          0.000          0.119        184.519          0.366          0.341          0.311          0.301          0.220          0.190
     05/12/2011         -0.000          0.000          0.028        184.491          0.339          0.340          0.318          0.308          0.229          0.190
     06/12/2011         -0.000          0.000          0.021        184.470          0.324          0.333          0.318          0.312          0.241          0.190
     07/12/2011         -0.000          0.000          0.042        184.428          0.315          0.325          0.315          0.313          0.253          0.190
     08/12/2011         -0.000          0.000          0.081        184.347          0.310          0.319          0.311          0.312          0.265          0.190
     09/12/2011         -0.000          0.000          0.082        184.266          0.308          0.314          0.307          0.310          0.276          0.190
     10/12/2011         -0.000          0.000          0.067        184.199          0.306          0.311          0.303          0.307          0.284          0.191
     11/12/2011         -0.000          0.000          0.250        183.949          0.304          0.308          0.300          0.304          0.290          0.191
     12/12/2011         -0.000          0.000          0.314        183.635          0.303          0.307          0.297          0.301          0.293          0.194
     13/12/2011         -0.000          0.000          0.238        183.397          0.302          0.306          0.295          0.299          0.294          0.197
     14/12/2011         -0.000          0.000          0.256        197.141          0.338          0.321          0.300          0.299          0.294          0.200
     15/12/2011         -0.000          0.000          0.481        196.660          0.321          0.322          0.304          0.301          0.296          0.204
     16/12/2011         -0.000          0.000          0.128        196.532          0.313          0.318          0.304          0.303          0.297          0.209
     17/12/2011         -0.000          0.000          0.231        196.301          0.309          0.314          0.303          0.303          0.298          0.214
     18/12/2011         -0.000          0.000          0.501        195.800          0.305          0.311          0.301          0.302          0.298          0.220
     19/12/2011         -0.000          0.000          0.513        195.287          0.302          0.308          0.299          0.300          0.298          0.225
     20/12/2011         -0.000          0.000          0.128        195.159          0.302          0.307          0.297          0.299          0.297          0.230
     21/12/2011         -0.000          0.000          0.183        194.976          0.301          0.306          0.295          0.297          0.296          0.234
     22/12/2011         -0.000          0.000          0.317        194.659          0.300          0.306          0.294          0.296          0.295          0.237
     23/12/2011         -0.000          0.000          0.145        194.514          0.299          0.305          0.293          0.295          0.293          0.240
     24/12/2011         -0.000          0.000          0.495        194.019          0.297          0.305          0.293          0.294          0.292          0.242
     25/12/2011         -0.000          0.000          0.540        193.479          0.294          0.305          0.292          0.293          0.292          0.244
     26/12/2011         -0.000          0.000          0.528        192.951          0.292          0.305          0.292          0.293          0.291          0.245
     27/12/2011         -0.000          0.000          0.453        192.498          0.290          0.305          0.292          0.293          0.290          0.246
     28/12/2011         -0.000          0.000          0.438        192.061          0.288          0.305          0.292          0.292          0.290          0.246
     29/12/2011         -0.000          0.000          0.531        191.530          0.286          0.305          0.292          0.292          0.289          0.247
     30/12/2011         -0.000          0.000          0.258        198.272          0.311          0.308          0.293          0.293          0.289          0.247
     31/12/2011         -0.000          0.000          0.324        197.948          0.307          0.308          0.294          0.293          0.290          0.248
